23:11:33.343 [main] TRACE - Resolving type for handle ctborderf935type
23:11:33.375 [main] TRACE - Resolving type for handle ctcellxfs1322type
23:11:33.387 [main] TRACE - Resolving type for handle ctxf97f7type
23:11:33.398 [main] TRACE - Resolving type for handle ctcellstylexfsa81ftype
23:11:33.414 [main] TRACE - Resolving type for handle workbookec17doctype
23:11:33.424 [main] TRACE - Resolving type for handle ctworkbook83c3type
23:11:33.442 [main] TRACE - Resolving type for handle ctsheets49fdtype
23:11:33.451 [main] TRACE - Resolving type for handle ctsheet4dbetype
23:11:33.459 [main] TRACE - Resolving type for handle strelationshipid1e94type
23:11:33.468 [main] TRACE - Resolving type for handle worksheetf539doctype
23:11:33.481 [main] TRACE - Resolving type for handle ctworksheet530dtype
23:11:33.506 [main] TRACE - Resolving type for handle ctsheetdata8408type
23:11:33.516 [main] TRACE - Resolving type for handle ctrowdd39type
23:11:33.534 [main] TRACE - Resolving type for handle ctcell842btype
23:11:33.564 [main] TRACE - Resolving type for handle stcellrefe4e0type
23:11:33.593 [main] TRACE - Resolving type for handle ctcols627ctype
23:11:33.644 [main] TRACE - Resolving type for handle stxstringf179type
23:11:39.142 [main] DEBUG - Parsing relationship: /xl/_rels/workbook.xml.rels
23:11:39.146 [main] DEBUG - Parsing relationship: /_rels/.rels
23:11:39.239 [main] TRACE - Resolving type for handle stcelltypebf95type
23:11:39.302 [main] TRACE - Resolving type for handle stcellstylexfid70c7type
23:11:39.326 [main] TRACE - Resolving type for handle ctsheetdimensiond310type
23:11:39.333 [main] TRACE - Resolving type for handle stref90a2type
23:11:39.361 [main] TRACE - Resolving type for handle propertiesee84doctype
23:11:39.367 [main] TRACE - Resolving type for handle ctproperties3f10type
23:11:39.431 [main] TRACE - Resolving type for handle properties288cdoctype
23:11:39.436 [main] TRACE - Resolving type for handle ctproperties2c18type
23:11:39.481 [main] DEBUG - Save content types part
23:11:39.718 [main] DEBUG - Save package relationships
23:11:39.736 [main] DEBUG - Save part 'docProps/app.xml'
23:11:39.737 [main] DEBUG - Save part 'docProps/core.xml'
23:11:39.745 [main] DEBUG - Save part 'xl/sharedStrings.xml'
23:11:39.747 [main] DEBUG - Save part 'xl/styles.xml'
23:11:39.748 [main] DEBUG - Save part 'xl/workbook.xml'
23:11:39.754 [main] DEBUG - Save part 'xl/worksheets/sheet1.xml'
23:11:39.757 [main] DEBUG - Save part 'xl/worksheets/sheet2.xml'
23:11:39.867 [main] DEBUG - Parsing relationship: /xl/_rels/workbook.xml.rels
23:11:39.871 [main] DEBUG - Parsing relationship: /_rels/.rels
23:11:39.984 [main] DEBUG - Save content types part
23:11:39.988 [main] DEBUG - Save package relationships
23:11:39.993 [main] DEBUG - Save part 'docProps/app.xml'
23:11:39.994 [main] DEBUG - Save part 'docProps/core.xml'
23:11:39.998 [main] DEBUG - Save part 'xl/sharedStrings.xml'
23:11:40.000 [main] DEBUG - Save part 'xl/styles.xml'
23:11:40.002 [main] DEBUG - Save part 'xl/workbook.xml'
23:11:40.007 [main] DEBUG - Save part 'xl/worksheets/sheet1.xml'
23:11:40.008 [main] DEBUG - Save part 'xl/worksheets/sheet2.xml'
23:11:40.030 [main] DEBUG - Parsing relationship: /xl/_rels/workbook.xml.rels
23:11:40.034 [main] DEBUG - Parsing relationship: /_rels/.rels
23:11:40.112 [main] DEBUG - Save content types part
23:11:40.118 [main] DEBUG - Save package relationships
23:11:40.121 [main] DEBUG - Save part 'docProps/app.xml'
23:11:40.123 [main] DEBUG - Save part 'docProps/core.xml'
23:11:40.128 [main] DEBUG - Save part 'xl/sharedStrings.xml'
23:11:40.130 [main] DEBUG - Save part 'xl/styles.xml'
23:11:40.132 [main] DEBUG - Save part 'xl/workbook.xml'
23:11:40.138 [main] DEBUG - Save part 'xl/worksheets/sheet1.xml'
23:11:40.139 [main] DEBUG - Save part 'xl/worksheets/sheet2.xml'
23:11:40.168 [main] DEBUG - Parsing relationship: /xl/_rels/workbook.xml.rels
23:11:40.171 [main] DEBUG - Parsing relationship: /_rels/.rels
23:11:40.403 [main] DEBUG - Save content types part
23:11:40.424 [main] DEBUG - Save package relationships
23:11:40.431 [main] DEBUG - Save part 'docProps/app.xml'
23:11:40.434 [main] DEBUG - Save part 'docProps/core.xml'
23:11:40.446 [main] DEBUG - Save part 'xl/sharedStrings.xml'
23:11:40.449 [main] DEBUG - Save part 'xl/styles.xml'
23:11:40.450 [main] DEBUG - Save part 'xl/workbook.xml'
23:11:40.460 [main] DEBUG - Save part 'xl/worksheets/sheet1.xml'
23:11:40.461 [main] DEBUG - Save part 'xl/worksheets/sheet2.xml'
23:11:50.142 [main] INFO  - first News Clicked.. 
23:11:52.522 [main] INFO  - Second news clicked.. 
23:11:52.537 [main] DEBUG - Parsing relationship: /xl/_rels/workbook.xml.rels
23:11:52.539 [main] DEBUG - Parsing relationship: /_rels/.rels
23:11:52.626 [main] DEBUG - Save content types part
23:11:52.630 [main] DEBUG - Save package relationships
23:11:52.636 [main] DEBUG - Save part 'docProps/app.xml'
23:11:52.637 [main] DEBUG - Save part 'docProps/core.xml'
23:11:52.641 [main] DEBUG - Save part 'xl/sharedStrings.xml'
23:11:52.644 [main] DEBUG - Save part 'xl/styles.xml'
23:11:52.646 [main] DEBUG - Save part 'xl/workbook.xml'
23:11:52.666 [main] DEBUG - Save part 'xl/worksheets/sheet1.xml'
23:11:52.668 [main] DEBUG - Save part 'xl/worksheets/sheet2.xml'
23:11:52.699 [main] DEBUG - Parsing relationship: /xl/_rels/workbook.xml.rels
23:11:52.701 [main] DEBUG - Parsing relationship: /_rels/.rels
23:11:52.779 [main] DEBUG - Save content types part
23:11:52.783 [main] DEBUG - Save package relationships
23:11:52.786 [main] DEBUG - Save part 'docProps/app.xml'
23:11:52.788 [main] DEBUG - Save part 'docProps/core.xml'
23:11:52.793 [main] DEBUG - Save part 'xl/sharedStrings.xml'
23:11:52.796 [main] DEBUG - Save part 'xl/styles.xml'
23:11:52.797 [main] DEBUG - Save part 'xl/workbook.xml'
23:11:52.801 [main] DEBUG - Save part 'xl/worksheets/sheet1.xml'
23:11:52.802 [main] DEBUG - Save part 'xl/worksheets/sheet2.xml'
23:12:01.068 [main] INFO  - Third news clicked.. 
23:12:03.214 [main] DEBUG - Parsing relationship: /xl/_rels/workbook.xml.rels
23:12:03.217 [main] DEBUG - Parsing relationship: /_rels/.rels
23:12:03.404 [main] DEBUG - Save content types part
23:12:03.409 [main] DEBUG - Save package relationships
23:12:03.427 [main] DEBUG - Save part 'docProps/app.xml'
23:12:03.428 [main] DEBUG - Save part 'docProps/core.xml'
23:12:03.435 [main] DEBUG - Save part 'xl/sharedStrings.xml'
23:12:03.452 [main] DEBUG - Save part 'xl/styles.xml'
23:12:03.463 [main] DEBUG - Save part 'xl/workbook.xml'
23:12:03.473 [main] DEBUG - Save part 'xl/worksheets/sheet1.xml'
23:12:03.475 [main] DEBUG - Save part 'xl/worksheets/sheet2.xml'
23:12:03.705 [main] DEBUG - Parsing relationship: /xl/_rels/workbook.xml.rels
23:12:03.708 [main] DEBUG - Parsing relationship: /_rels/.rels
23:12:03.837 [main] DEBUG - Save content types part
23:12:03.840 [main] DEBUG - Save package relationships
23:12:03.844 [main] DEBUG - Save part 'docProps/app.xml'
23:12:03.845 [main] DEBUG - Save part 'docProps/core.xml'
23:12:03.848 [main] DEBUG - Save part 'xl/sharedStrings.xml'
23:12:03.850 [main] DEBUG - Save part 'xl/styles.xml'
23:12:03.851 [main] DEBUG - Save part 'xl/workbook.xml'
23:12:03.855 [main] DEBUG - Save part 'xl/worksheets/sheet1.xml'
23:12:03.856 [main] DEBUG - Save part 'xl/worksheets/sheet2.xml'
23:12:06.972 [main] INFO  - Fourth news clicked.. 
23:12:12.146 [main] DEBUG - Parsing relationship: /xl/_rels/workbook.xml.rels
23:12:12.148 [main] DEBUG - Parsing relationship: /_rels/.rels
23:12:12.273 [main] DEBUG - Save content types part
23:12:12.325 [main] DEBUG - Save package relationships
23:12:12.328 [main] DEBUG - Save part 'docProps/app.xml'
23:12:12.329 [main] DEBUG - Save part 'docProps/core.xml'
23:12:12.334 [main] DEBUG - Save part 'xl/sharedStrings.xml'
23:12:12.337 [main] DEBUG - Save part 'xl/styles.xml'
23:12:12.338 [main] DEBUG - Save part 'xl/workbook.xml'
23:12:12.343 [main] DEBUG - Save part 'xl/worksheets/sheet1.xml'
23:12:12.343 [main] DEBUG - Save part 'xl/worksheets/sheet2.xml'
23:12:12.418 [main] DEBUG - Parsing relationship: /xl/_rels/workbook.xml.rels
23:12:12.420 [main] DEBUG - Parsing relationship: /_rels/.rels
23:12:12.513 [main] DEBUG - Save content types part
23:12:12.528 [main] DEBUG - Save package relationships
23:12:12.532 [main] DEBUG - Save part 'docProps/app.xml'
23:12:12.532 [main] DEBUG - Save part 'docProps/core.xml'
23:12:12.542 [main] DEBUG - Save part 'xl/sharedStrings.xml'
23:12:12.544 [main] DEBUG - Save part 'xl/styles.xml'
23:12:12.545 [main] DEBUG - Save part 'xl/workbook.xml'
23:12:12.615 [main] DEBUG - Save part 'xl/worksheets/sheet1.xml'
23:12:12.616 [main] DEBUG - Save part 'xl/worksheets/sheet2.xml'
23:12:15.788 [main] INFO  - Fifth news clicked.. 
23:12:33.896 [main] DEBUG - Parsing relationship: /xl/_rels/workbook.xml.rels
23:12:33.898 [main] DEBUG - Parsing relationship: /_rels/.rels
23:12:34.015 [main] DEBUG - Save content types part
23:12:34.044 [main] DEBUG - Save package relationships
23:12:34.048 [main] DEBUG - Save part 'docProps/app.xml'
23:12:34.049 [main] DEBUG - Save part 'docProps/core.xml'
23:12:34.060 [main] DEBUG - Save part 'xl/sharedStrings.xml'
23:12:34.062 [main] DEBUG - Save part 'xl/styles.xml'
23:12:34.065 [main] DEBUG - Save part 'xl/workbook.xml'
23:12:34.076 [main] DEBUG - Save part 'xl/worksheets/sheet1.xml'
23:12:34.077 [main] DEBUG - Save part 'xl/worksheets/sheet2.xml'
23:12:34.099 [main] DEBUG - Parsing relationship: /xl/_rels/workbook.xml.rels
23:12:34.106 [main] DEBUG - Parsing relationship: /_rels/.rels
23:12:34.268 [main] DEBUG - Save content types part
23:12:34.276 [main] DEBUG - Save package relationships
23:12:34.283 [main] DEBUG - Save part 'docProps/app.xml'
23:12:34.284 [main] DEBUG - Save part 'docProps/core.xml'
23:12:34.293 [main] DEBUG - Save part 'xl/sharedStrings.xml'
23:12:34.295 [main] DEBUG - Save part 'xl/styles.xml'
23:12:34.296 [main] DEBUG - Save part 'xl/workbook.xml'
23:12:34.309 [main] DEBUG - Save part 'xl/worksheets/sheet1.xml'
23:12:34.310 [main] DEBUG - Save part 'xl/worksheets/sheet2.xml'
23:18:48.336 [main] INFO  - Webpage loaded for Apps and Tools validation.. 
23:18:49.461 [main] INFO  - Writing apps and tools into Excel.. 
23:18:50.165 [main] DEBUG - Parsing relationship: /xl/_rels/workbook.xml.rels
23:18:50.177 [main] DEBUG - Parsing relationship: /_rels/.rels
23:18:51.184 [main] TRACE - Loading type system org.apache.poi.schemas.ooxml.system.ooxml
23:18:51.196 [main] TRACE - Loading type system org.apache.xmlbeans.metadata.system.sXMLCONFIG
23:18:51.200 [main] TRACE - Loading type system org.apache.xmlbeans.metadata.system.sXMLLANG
23:18:51.203 [main] TRACE - Loading type system org.apache.xmlbeans.metadata.system.sXMLSCHEMA
23:18:51.206 [main] TRACE - Loading type system org.apache.xmlbeans.metadata.system.sXMLTOOLS
23:18:51.212 [main] TRACE - Reading unresolved handles for type system org.apache.xmlbeans.metadata.system.sXMLTOOLS
23:18:51.277 [main] TRACE - Finished loading type system org.apache.xmlbeans.metadata.system.sXMLTOOLS
23:18:51.281 [main] TRACE - Reading unresolved handles for type system org.apache.xmlbeans.metadata.system.sXMLSCHEMA
23:18:51.316 [main] TRACE - Finished loading type system org.apache.xmlbeans.metadata.system.sXMLSCHEMA
23:18:51.319 [main] TRACE - Reading unresolved handles for type system org.apache.xmlbeans.metadata.system.sXMLLANG
23:18:51.323 [main] TRACE - Finished loading type system org.apache.xmlbeans.metadata.system.sXMLLANG
23:18:51.327 [main] TRACE - Reading unresolved handles for type system org.apache.xmlbeans.metadata.system.sXMLCONFIG
23:18:51.332 [main] TRACE - Finished loading type system org.apache.xmlbeans.metadata.system.sXMLCONFIG
23:18:51.337 [main] TRACE - Reading unresolved handles for type system org.apache.poi.schemas.ooxml.system.ooxml
23:18:51.556 [main] TRACE - Finished loading type system org.apache.poi.schemas.ooxml.system.ooxml
23:18:51.558 [main] TRACE - Resolving type for handle sstf81fdoctype
23:18:51.775 [main] TRACE - Resolving type for handle ctsst44f3type
23:18:51.818 [main] TRACE - Resolving type for handle ctrsta472type
23:18:51.901 [main] TRACE - Resolving type for handle stylesheet5d8bdoctype
23:18:51.918 [main] TRACE - Resolving type for handle ctstylesheet4257type
23:18:51.931 [main] TRACE - Resolving type for handle ctnumfmtsb58btype
23:18:51.945 [main] TRACE - Resolving type for handle ctfonts6623type
23:18:51.957 [main] TRACE - Resolving type for handle ctfont14d8type
23:18:51.984 [main] TRACE - Resolving type for handle ctfills2c6ftype
23:18:51.996 [main] TRACE - Resolving type for handle ctfill550ctype
23:18:52.017 [main] TRACE - Resolving type for handle ctborders0d66type
23:18:52.030 [main] TRACE - Resolving type for handle ctborderf935type
23:18:52.044 [main] TRACE - Resolving type for handle ctcellxfs1322type
23:18:52.055 [main] TRACE - Resolving type for handle ctxf97f7type
23:18:52.067 [main] TRACE - Resolving type for handle ctcellstylexfsa81ftype
23:18:52.081 [main] TRACE - Resolving type for handle workbookec17doctype
23:18:52.093 [main] TRACE - Resolving type for handle ctworkbook83c3type
23:18:52.109 [main] TRACE - Resolving type for handle ctsheets49fdtype
23:18:52.117 [main] TRACE - Resolving type for handle ctsheet4dbetype
23:18:52.125 [main] TRACE - Resolving type for handle strelationshipid1e94type
23:18:52.136 [main] TRACE - Resolving type for handle worksheetf539doctype
23:18:52.148 [main] TRACE - Resolving type for handle ctworksheet530dtype
23:18:52.180 [main] TRACE - Resolving type for handle ctsheetdata8408type
23:18:52.190 [main] TRACE - Resolving type for handle ctrowdd39type
23:18:52.210 [main] TRACE - Resolving type for handle ctcell842btype
23:18:52.236 [main] TRACE - Resolving type for handle stcellrefe4e0type
23:18:52.265 [main] TRACE - Resolving type for handle ctcols627ctype
23:18:52.319 [main] TRACE - Resolving type for handle stxstringf179type
23:18:52.330 [main] TRACE - Resolving type for handle ctsheetformatprdef7type
23:18:52.343 [main] TRACE - Resolving type for handle ctsheetviewsb918type
23:18:52.350 [main] TRACE - Resolving type for handle ctsheetview0f43type
23:18:52.370 [main] TRACE - Resolving type for handle ctsheetdimensiond310type
23:18:52.378 [main] TRACE - Resolving type for handle stref90a2type
23:18:52.385 [main] TRACE - Resolving type for handle ctpagemargins5455type
23:18:52.406 [main] TRACE - Resolving type for handle stcelltypebf95type
23:18:52.461 [main] TRACE - Resolving type for handle stcellstylexfid70c7type
23:18:52.500 [main] TRACE - Resolving type for handle propertiesee84doctype
23:18:52.506 [main] TRACE - Resolving type for handle ctproperties3f10type
23:18:52.525 [main] TRACE - Resolving type for handle properties288cdoctype
23:18:52.531 [main] TRACE - Resolving type for handle ctproperties2c18type
23:18:52.576 [main] DEBUG - Save content types part
23:18:52.825 [main] DEBUG - Save package relationships
23:18:52.837 [main] DEBUG - Save part 'docProps/app.xml'
23:18:52.839 [main] DEBUG - Save part 'docProps/core.xml'
23:18:52.851 [main] DEBUG - Save part 'xl/sharedStrings.xml'
23:18:52.854 [main] DEBUG - Save part 'xl/styles.xml'
23:18:52.856 [main] DEBUG - Save part 'xl/workbook.xml'
23:18:52.861 [main] DEBUG - Save part 'xl/worksheets/sheet1.xml'
23:18:52.863 [main] DEBUG - Save part 'xl/worksheets/sheet2.xml'
23:18:52.864 [main] DEBUG - Save part 'xl/worksheets/sheet3.xml'
23:18:52.947 [main] DEBUG - Parsing relationship: /xl/_rels/workbook.xml.rels
23:18:52.952 [main] DEBUG - Parsing relationship: /_rels/.rels
23:18:53.090 [main] DEBUG - Save content types part
23:18:53.097 [main] DEBUG - Save package relationships
23:18:53.102 [main] DEBUG - Save part 'docProps/app.xml'
23:18:53.103 [main] DEBUG - Save part 'docProps/core.xml'
23:18:53.107 [main] DEBUG - Save part 'xl/sharedStrings.xml'
23:18:53.110 [main] DEBUG - Save part 'xl/styles.xml'
23:18:53.111 [main] DEBUG - Save part 'xl/workbook.xml'
23:18:53.118 [main] DEBUG - Save part 'xl/worksheets/sheet1.xml'
23:18:53.119 [main] DEBUG - Save part 'xl/worksheets/sheet2.xml'
23:18:53.122 [main] DEBUG - Save part 'xl/worksheets/sheet3.xml'
23:18:53.150 [main] DEBUG - Parsing relationship: /xl/_rels/workbook.xml.rels
23:18:53.153 [main] DEBUG - Parsing relationship: /_rels/.rels
23:18:53.302 [main] DEBUG - Save content types part
23:18:53.306 [main] DEBUG - Save package relationships
23:18:53.310 [main] DEBUG - Save part 'docProps/app.xml'
23:18:53.312 [main] DEBUG - Save part 'docProps/core.xml'
23:18:53.316 [main] DEBUG - Save part 'xl/sharedStrings.xml'
23:18:53.319 [main] DEBUG - Save part 'xl/styles.xml'
23:18:53.320 [main] DEBUG - Save part 'xl/workbook.xml'
23:18:53.325 [main] DEBUG - Save part 'xl/worksheets/sheet1.xml'
23:18:53.326 [main] DEBUG - Save part 'xl/worksheets/sheet2.xml'
23:18:53.328 [main] DEBUG - Save part 'xl/worksheets/sheet3.xml'
23:18:53.365 [main] DEBUG - Parsing relationship: /xl/_rels/workbook.xml.rels
23:18:53.371 [main] DEBUG - Parsing relationship: /_rels/.rels
23:18:53.474 [main] DEBUG - Save content types part
23:18:53.478 [main] DEBUG - Save package relationships
23:18:53.483 [main] DEBUG - Save part 'docProps/app.xml'
23:18:53.484 [main] DEBUG - Save part 'docProps/core.xml'
23:18:53.489 [main] DEBUG - Save part 'xl/sharedStrings.xml'
23:18:53.491 [main] DEBUG - Save part 'xl/styles.xml'
23:18:53.492 [main] DEBUG - Save part 'xl/workbook.xml'
23:18:53.497 [main] DEBUG - Save part 'xl/worksheets/sheet1.xml'
23:18:53.498 [main] DEBUG - Save part 'xl/worksheets/sheet2.xml'
23:18:53.500 [main] DEBUG - Save part 'xl/worksheets/sheet3.xml'
23:18:53.525 [main] DEBUG - Parsing relationship: /xl/_rels/workbook.xml.rels
23:18:53.529 [main] DEBUG - Parsing relationship: /_rels/.rels
23:18:53.627 [main] DEBUG - Save content types part
23:18:53.632 [main] DEBUG - Save package relationships
23:18:53.639 [main] DEBUG - Save part 'docProps/app.xml'
23:18:53.645 [main] DEBUG - Save part 'docProps/core.xml'
23:18:53.651 [main] DEBUG - Save part 'xl/sharedStrings.xml'
23:18:53.654 [main] DEBUG - Save part 'xl/styles.xml'
23:18:53.655 [main] DEBUG - Save part 'xl/workbook.xml'
23:18:53.660 [main] DEBUG - Save part 'xl/worksheets/sheet1.xml'
23:18:53.661 [main] DEBUG - Save part 'xl/worksheets/sheet2.xml'
23:18:53.662 [main] DEBUG - Save part 'xl/worksheets/sheet3.xml'
23:18:53.728 [main] DEBUG - Parsing relationship: /xl/_rels/workbook.xml.rels
23:18:53.731 [main] DEBUG - Parsing relationship: /_rels/.rels
23:18:53.851 [main] DEBUG - Save content types part
23:18:53.856 [main] DEBUG - Save package relationships
23:18:53.861 [main] DEBUG - Save part 'docProps/app.xml'
23:18:53.862 [main] DEBUG - Save part 'docProps/core.xml'
23:18:53.866 [main] DEBUG - Save part 'xl/sharedStrings.xml'
23:18:53.869 [main] DEBUG - Save part 'xl/styles.xml'
23:18:53.870 [main] DEBUG - Save part 'xl/workbook.xml'
23:18:53.877 [main] DEBUG - Save part 'xl/worksheets/sheet1.xml'
23:18:53.878 [main] DEBUG - Save part 'xl/worksheets/sheet2.xml'
23:18:53.879 [main] DEBUG - Save part 'xl/worksheets/sheet3.xml'
23:18:53.937 [main] DEBUG - Parsing relationship: /xl/_rels/workbook.xml.rels
23:18:53.940 [main] DEBUG - Parsing relationship: /_rels/.rels
23:18:54.025 [main] DEBUG - Save content types part
23:18:54.028 [main] DEBUG - Save package relationships
23:18:54.031 [main] DEBUG - Save part 'docProps/app.xml'
23:18:54.032 [main] DEBUG - Save part 'docProps/core.xml'
23:18:54.038 [main] DEBUG - Save part 'xl/sharedStrings.xml'
23:18:54.041 [main] DEBUG - Save part 'xl/styles.xml'
23:18:54.042 [main] DEBUG - Save part 'xl/workbook.xml'
23:18:54.054 [main] DEBUG - Save part 'xl/worksheets/sheet1.xml'
23:18:54.055 [main] DEBUG - Save part 'xl/worksheets/sheet2.xml'
23:18:54.056 [main] DEBUG - Save part 'xl/worksheets/sheet3.xml'
23:18:54.095 [main] DEBUG - Parsing relationship: /xl/_rels/workbook.xml.rels
23:18:54.097 [main] DEBUG - Parsing relationship: /_rels/.rels
23:18:54.173 [main] DEBUG - Save content types part
23:18:54.179 [main] DEBUG - Save package relationships
23:18:54.183 [main] DEBUG - Save part 'docProps/app.xml'
23:18:54.186 [main] DEBUG - Save part 'docProps/core.xml'
23:18:54.189 [main] DEBUG - Save part 'xl/sharedStrings.xml'
23:18:54.193 [main] DEBUG - Save part 'xl/styles.xml'
23:18:54.194 [main] DEBUG - Save part 'xl/workbook.xml'
23:18:54.199 [main] DEBUG - Save part 'xl/worksheets/sheet1.xml'
23:18:54.200 [main] DEBUG - Save part 'xl/worksheets/sheet2.xml'
23:18:54.201 [main] DEBUG - Save part 'xl/worksheets/sheet3.xml'
23:18:54.226 [main] DEBUG - Parsing relationship: /xl/_rels/workbook.xml.rels
23:18:54.228 [main] DEBUG - Parsing relationship: /_rels/.rels
23:18:54.305 [main] DEBUG - Save content types part
23:18:54.310 [main] DEBUG - Save package relationships
23:18:54.315 [main] DEBUG - Save part 'docProps/app.xml'
23:18:54.319 [main] DEBUG - Save part 'docProps/core.xml'
23:18:54.326 [main] DEBUG - Save part 'xl/sharedStrings.xml'
23:18:54.328 [main] DEBUG - Save part 'xl/styles.xml'
23:18:54.330 [main] DEBUG - Save part 'xl/workbook.xml'
23:18:54.335 [main] DEBUG - Save part 'xl/worksheets/sheet1.xml'
23:18:54.336 [main] DEBUG - Save part 'xl/worksheets/sheet2.xml'
23:18:54.337 [main] DEBUG - Save part 'xl/worksheets/sheet3.xml'
23:18:54.413 [main] DEBUG - Parsing relationship: /xl/_rels/workbook.xml.rels
23:18:54.419 [main] DEBUG - Parsing relationship: /_rels/.rels
23:18:54.489 [main] DEBUG - Save content types part
23:18:54.494 [main] DEBUG - Save package relationships
23:18:54.497 [main] DEBUG - Save part 'docProps/app.xml'
23:18:54.498 [main] DEBUG - Save part 'docProps/core.xml'
23:18:54.503 [main] DEBUG - Save part 'xl/sharedStrings.xml'
23:18:54.505 [main] DEBUG - Save part 'xl/styles.xml'
23:18:54.507 [main] DEBUG - Save part 'xl/workbook.xml'
23:18:54.511 [main] DEBUG - Save part 'xl/worksheets/sheet1.xml'
23:18:54.513 [main] DEBUG - Save part 'xl/worksheets/sheet2.xml'
23:18:54.514 [main] DEBUG - Save part 'xl/worksheets/sheet3.xml'
23:18:54.518 [main] INFO  - Writing into Excel completed.. 
23:18:54.519 [main] INFO  - Printing  names of all the apps and tools.. 
23:20:10.786 [main] INFO  - driver initialised.. 
23:20:16.533 [main] INFO  - User icon clicked... 
23:20:17.192 [main] INFO  - writing Data into Excel.. 
23:20:18.495 [main] TRACE - Loading type system org.apache.poi.schemas.ooxml.system.ooxml
23:20:18.510 [main] TRACE - Loading type system org.apache.xmlbeans.metadata.system.sXMLCONFIG
23:20:18.513 [main] TRACE - Loading type system org.apache.xmlbeans.metadata.system.sXMLLANG
23:20:18.520 [main] TRACE - Loading type system org.apache.xmlbeans.metadata.system.sXMLSCHEMA
23:20:18.526 [main] TRACE - Loading type system org.apache.xmlbeans.metadata.system.sXMLTOOLS
23:20:18.534 [main] TRACE - Reading unresolved handles for type system org.apache.xmlbeans.metadata.system.sXMLTOOLS
23:20:18.591 [main] TRACE - Finished loading type system org.apache.xmlbeans.metadata.system.sXMLTOOLS
23:20:18.596 [main] TRACE - Reading unresolved handles for type system org.apache.xmlbeans.metadata.system.sXMLSCHEMA
23:20:18.611 [main] TRACE - Finished loading type system org.apache.xmlbeans.metadata.system.sXMLSCHEMA
23:20:18.615 [main] TRACE - Reading unresolved handles for type system org.apache.xmlbeans.metadata.system.sXMLLANG
23:20:18.618 [main] TRACE - Finished loading type system org.apache.xmlbeans.metadata.system.sXMLLANG
23:20:18.622 [main] TRACE - Reading unresolved handles for type system org.apache.xmlbeans.metadata.system.sXMLCONFIG
23:20:18.625 [main] TRACE - Finished loading type system org.apache.xmlbeans.metadata.system.sXMLCONFIG
23:20:18.629 [main] TRACE - Reading unresolved handles for type system org.apache.poi.schemas.ooxml.system.ooxml
23:20:18.784 [main] TRACE - Finished loading type system org.apache.poi.schemas.ooxml.system.ooxml
23:20:18.786 [main] TRACE - Resolving type for handle ctworkbook83c3type
23:20:19.028 [main] TRACE - Resolving type for handle ctworkbookpr03a5type
23:20:19.069 [main] TRACE - Resolving type for handle ctbookviewsb864type
23:20:19.079 [main] TRACE - Resolving type for handle ctbookviewf677type
23:20:19.112 [main] TRACE - Resolving type for handle ctsheets49fdtype
23:20:19.125 [main] TRACE - Resolving type for handle propertiesee84doctype
23:20:19.132 [main] TRACE - Resolving type for handle ctproperties3f10type
23:20:19.157 [main] TRACE - Resolving type for handle properties288cdoctype
23:20:19.162 [main] TRACE - Resolving type for handle ctproperties2c18type
23:20:19.196 [main] TRACE - Resolving type for handle sstf81fdoctype
23:20:19.203 [main] TRACE - Resolving type for handle ctsst44f3type
23:20:19.226 [main] TRACE - Resolving type for handle stylesheet5d8bdoctype
23:20:19.238 [main] TRACE - Resolving type for handle ctstylesheet4257type
23:20:19.254 [main] TRACE - Resolving type for handle ctfont14d8type
23:20:19.376 [main] TRACE - Resolving type for handle ctfontsizeb3b9type
23:20:19.442 [main] TRACE - Resolving type for handle ctcolord2c2type
23:20:19.455 [main] TRACE - Resolving type for handle ctfontname2dc3type
23:20:19.479 [main] TRACE - Resolving type for handle stxstringf179type
23:20:19.494 [main] TRACE - Resolving type for handle ctfontfamily685ctype
23:20:19.502 [main] TRACE - Resolving type for handle stfontfamily9c6ctype
23:20:19.521 [main] TRACE - Resolving type for handle ctfontschemebf5dtype
23:20:19.533 [main] TRACE - Resolving type for handle stfontschemef36dtype
23:20:19.549 [main] TRACE - Resolving type for handle ctfill550ctype
23:20:19.556 [main] TRACE - Resolving type for handle ctpatternfill7452type
23:20:19.573 [main] TRACE - Resolving type for handle stpatterntype7939type
23:20:19.586 [main] TRACE - Resolving type for handle ctborderf935type
23:20:19.601 [main] TRACE - Resolving type for handle ctborderpre497type
23:20:19.617 [main] TRACE - Resolving type for handle ctxf97f7type
23:20:19.632 [main] TRACE - Resolving type for handle stnumfmtid76fbtype
23:20:19.643 [main] TRACE - Resolving type for handle stfontid9d63type
23:20:19.688 [main] TRACE - Resolving type for handle stfillida097type
23:20:19.693 [main] TRACE - Resolving type for handle stborderid1a80type
23:20:19.703 [main] TRACE - Resolving type for handle stcellstylexfid70c7type
23:20:19.731 [main] TRACE - Resolving type for handle ctsheet4dbetype
23:20:19.757 [main] TRACE - Resolving type for handle ctworksheet530dtype
23:20:19.786 [main] TRACE - Resolving type for handle ctsheetformatprdef7type
23:20:19.812 [main] TRACE - Resolving type for handle ctsheetviewsb918type
23:20:19.824 [main] TRACE - Resolving type for handle ctsheetview0f43type
23:20:19.860 [main] TRACE - Resolving type for handle ctsheetdimensiond310type
23:20:19.872 [main] TRACE - Resolving type for handle stref90a2type
23:20:19.881 [main] TRACE - Resolving type for handle ctsheetdata8408type
23:20:19.890 [main] TRACE - Resolving type for handle ctpagemargins5455type
23:20:19.941 [main] TRACE - Resolving type for handle ctcols627ctype
23:20:19.951 [main] TRACE - Resolving type for handle strelationshipid1e94type
23:20:19.957 [main] TRACE - Resolving type for handle ctrowdd39type
23:20:19.983 [main] TRACE - Resolving type for handle ctcell842btype
23:20:20.019 [main] TRACE - Resolving type for handle stcellrefe4e0type
23:20:20.031 [main] TRACE - Resolving type for handle ctrsta472type
23:20:20.045 [main] TRACE - Resolving type for handle stcelltypebf95type
23:20:20.160 [main] TRACE - Resolving type for handle ctnumfmtsb58btype
23:20:20.170 [main] TRACE - Resolving type for handle ctfonts6623type
23:20:20.183 [main] TRACE - Resolving type for handle ctfills2c6ftype
23:20:20.195 [main] TRACE - Resolving type for handle ctborders0d66type
23:20:20.206 [main] TRACE - Resolving type for handle ctcellxfs1322type
23:20:20.216 [main] TRACE - Resolving type for handle ctcellstylexfsa81ftype
23:20:20.320 [main] DEBUG - Save core properties part
23:20:20.321 [main] DEBUG - Save content types part
23:20:20.955 [main] DEBUG - Save package relationships
23:20:20.993 [main] DEBUG - Save part 'docProps/app.xml'
23:20:21.009 [main] DEBUG - Save part 'docProps/core.xml'
23:20:21.051 [main] DEBUG - Save part 'xl/sharedStrings.xml'
23:20:21.052 [main] DEBUG - Save part 'xl/styles.xml'
23:20:21.055 [main] DEBUG - Save part 'xl/workbook.xml'
23:20:21.061 [main] DEBUG - Save part 'xl/worksheets/sheet1.xml'
23:20:21.159 [main] DEBUG - Save content types part
23:20:21.163 [main] DEBUG - Save package relationships
23:20:21.169 [main] DEBUG - Save part 'docProps/app.xml'
23:20:21.171 [main] DEBUG - Save part 'docProps/core.xml'
23:20:21.176 [main] DEBUG - Save part 'xl/sharedStrings.xml'
23:20:21.177 [main] DEBUG - Save part 'xl/styles.xml'
23:20:21.178 [main] DEBUG - Save part 'xl/workbook.xml'
23:20:21.183 [main] DEBUG - Save part 'xl/worksheets/sheet1.xml'
23:20:21.836 [main] DEBUG - Parsing relationship: /xl/_rels/workbook.xml.rels
23:20:21.839 [main] DEBUG - Parsing relationship: /_rels/.rels
23:20:22.001 [main] TRACE - Resolving type for handle workbookec17doctype
23:20:22.016 [main] TRACE - Resolving type for handle worksheetf539doctype
23:20:22.062 [main] DEBUG - Save content types part
23:20:22.067 [main] DEBUG - Save package relationships
23:20:22.071 [main] DEBUG - Save part 'docProps/app.xml'
23:20:22.072 [main] DEBUG - Save part 'docProps/core.xml'
23:20:22.078 [main] DEBUG - Save part 'xl/sharedStrings.xml'
23:20:22.080 [main] DEBUG - Save part 'xl/styles.xml'
23:20:22.082 [main] DEBUG - Save part 'xl/workbook.xml'
23:20:22.089 [main] DEBUG - Save part 'xl/worksheets/sheet1.xml'
23:20:22.139 [main] DEBUG - Parsing relationship: /xl/_rels/workbook.xml.rels
23:20:22.143 [main] DEBUG - Parsing relationship: /_rels/.rels
23:20:22.247 [main] DEBUG - Save content types part
23:20:22.253 [main] DEBUG - Save package relationships
23:20:22.257 [main] DEBUG - Save part 'docProps/app.xml'
23:20:22.258 [main] DEBUG - Save part 'docProps/core.xml'
23:20:22.263 [main] DEBUG - Save part 'xl/sharedStrings.xml'
23:20:22.264 [main] DEBUG - Save part 'xl/styles.xml'
23:20:22.265 [main] DEBUG - Save part 'xl/workbook.xml'
23:20:22.277 [main] DEBUG - Save part 'xl/worksheets/sheet1.xml'
23:20:22.492 [main] DEBUG - Parsing relationship: /xl/_rels/workbook.xml.rels
23:20:22.496 [main] DEBUG - Parsing relationship: /_rels/.rels
23:20:22.548 [main] DEBUG - Save content types part
23:20:22.553 [main] DEBUG - Save package relationships
23:20:22.559 [main] DEBUG - Save part 'docProps/app.xml'
23:20:22.562 [main] DEBUG - Save part 'docProps/core.xml'
23:20:22.574 [main] DEBUG - Save part 'xl/sharedStrings.xml'
23:20:22.576 [main] DEBUG - Save part 'xl/styles.xml'
23:20:22.577 [main] DEBUG - Save part 'xl/workbook.xml'
23:20:22.588 [main] DEBUG - Save part 'xl/worksheets/sheet1.xml'
23:20:23.677 [main] INFO  - Data sending to Excel completed.. 
23:20:44.552 [main] INFO  - Page Loaded.. 
23:20:44.764 [main] INFO  - News Displayed.. 
23:20:45.024 [main] DEBUG - Parsing relationship: /xl/_rels/workbook.xml.rels
23:20:45.027 [main] DEBUG - Parsing relationship: /_rels/.rels
23:20:45.083 [main] DEBUG - Save content types part
23:20:45.088 [main] DEBUG - Save package relationships
23:20:45.092 [main] DEBUG - Save part 'docProps/app.xml'
23:20:45.093 [main] DEBUG - Save part 'docProps/core.xml'
23:20:45.097 [main] DEBUG - Save part 'xl/sharedStrings.xml'
23:20:45.098 [main] DEBUG - Save part 'xl/styles.xml'
23:20:45.099 [main] DEBUG - Save part 'xl/workbook.xml'
23:20:45.104 [main] DEBUG - Save part 'xl/worksheets/sheet1.xml'
23:20:45.105 [main] DEBUG - Save part 'xl/worksheets/sheet2.xml'
23:20:45.152 [main] DEBUG - Parsing relationship: /xl/_rels/workbook.xml.rels
23:20:45.155 [main] DEBUG - Parsing relationship: /_rels/.rels
23:20:45.214 [main] DEBUG - Save content types part
23:20:45.218 [main] DEBUG - Save package relationships
23:20:45.222 [main] DEBUG - Save part 'docProps/app.xml'
23:20:45.223 [main] DEBUG - Save part 'docProps/core.xml'
23:20:45.228 [main] DEBUG - Save part 'xl/sharedStrings.xml'
23:20:45.230 [main] DEBUG - Save part 'xl/styles.xml'
23:20:45.231 [main] DEBUG - Save part 'xl/workbook.xml'
23:20:45.236 [main] DEBUG - Save part 'xl/worksheets/sheet1.xml'
23:20:45.237 [main] DEBUG - Save part 'xl/worksheets/sheet2.xml'
23:20:45.611 [main] INFO  - Writing headers into Excel.. 
23:20:45.626 [main] DEBUG - Parsing relationship: /xl/_rels/workbook.xml.rels
23:20:45.629 [main] DEBUG - Parsing relationship: /_rels/.rels
23:20:45.686 [main] DEBUG - Save content types part
23:20:45.690 [main] DEBUG - Save package relationships
23:20:45.694 [main] DEBUG - Save part 'docProps/app.xml'
23:20:45.695 [main] DEBUG - Save part 'docProps/core.xml'
23:20:45.703 [main] DEBUG - Save part 'xl/sharedStrings.xml'
23:20:45.703 [main] DEBUG - Save part 'xl/styles.xml'
23:20:45.704 [main] DEBUG - Save part 'xl/workbook.xml'
23:20:45.709 [main] DEBUG - Save part 'xl/worksheets/sheet1.xml'
23:20:45.710 [main] DEBUG - Save part 'xl/worksheets/sheet2.xml'
23:20:45.744 [main] DEBUG - Parsing relationship: /xl/_rels/workbook.xml.rels
23:20:45.746 [main] DEBUG - Parsing relationship: /_rels/.rels
23:20:45.812 [main] DEBUG - Save content types part
23:20:45.821 [main] DEBUG - Save package relationships
23:20:45.824 [main] DEBUG - Save part 'docProps/app.xml'
23:20:45.826 [main] DEBUG - Save part 'docProps/core.xml'
23:20:45.830 [main] DEBUG - Save part 'xl/sharedStrings.xml'
23:20:45.831 [main] DEBUG - Save part 'xl/styles.xml'
23:20:45.832 [main] DEBUG - Save part 'xl/workbook.xml'
23:20:45.837 [main] DEBUG - Save part 'xl/worksheets/sheet1.xml'
23:20:45.839 [main] DEBUG - Save part 'xl/worksheets/sheet2.xml'
23:20:45.884 [main] DEBUG - Parsing relationship: /xl/_rels/workbook.xml.rels
23:20:45.886 [main] DEBUG - Parsing relationship: /_rels/.rels
23:20:45.947 [main] DEBUG - Save content types part
23:20:45.953 [main] DEBUG - Save package relationships
23:20:45.961 [main] DEBUG - Save part 'docProps/app.xml'
23:20:45.962 [main] DEBUG - Save part 'docProps/core.xml'
23:20:45.975 [main] DEBUG - Save part 'xl/sharedStrings.xml'
23:20:45.976 [main] DEBUG - Save part 'xl/styles.xml'
23:20:45.977 [main] DEBUG - Save part 'xl/workbook.xml'
23:20:45.980 [main] DEBUG - Save part 'xl/worksheets/sheet1.xml'
23:20:45.981 [main] DEBUG - Save part 'xl/worksheets/sheet2.xml'
23:20:46.250 [main] DEBUG - Parsing relationship: /xl/_rels/workbook.xml.rels
23:20:46.254 [main] DEBUG - Parsing relationship: /_rels/.rels
23:20:46.362 [main] DEBUG - Save content types part
23:20:46.365 [main] DEBUG - Save package relationships
23:20:46.369 [main] DEBUG - Save part 'docProps/app.xml'
23:20:46.370 [main] DEBUG - Save part 'docProps/core.xml'
23:20:46.375 [main] DEBUG - Save part 'xl/sharedStrings.xml'
23:20:46.376 [main] DEBUG - Save part 'xl/styles.xml'
23:20:46.376 [main] DEBUG - Save part 'xl/workbook.xml'
23:20:46.381 [main] DEBUG - Save part 'xl/worksheets/sheet1.xml'
23:20:46.382 [main] DEBUG - Save part 'xl/worksheets/sheet2.xml'
23:20:46.504 [main] DEBUG - Parsing relationship: /xl/_rels/workbook.xml.rels
23:20:46.509 [main] DEBUG - Parsing relationship: /_rels/.rels
23:20:46.570 [main] DEBUG - Save content types part
23:20:46.576 [main] DEBUG - Save package relationships
23:20:46.580 [main] DEBUG - Save part 'docProps/app.xml'
23:20:46.581 [main] DEBUG - Save part 'docProps/core.xml'
23:20:46.586 [main] DEBUG - Save part 'xl/sharedStrings.xml'
23:20:46.587 [main] DEBUG - Save part 'xl/styles.xml'
23:20:46.588 [main] DEBUG - Save part 'xl/workbook.xml'
23:20:46.598 [main] DEBUG - Save part 'xl/worksheets/sheet1.xml'
23:20:46.602 [main] DEBUG - Save part 'xl/worksheets/sheet2.xml'
23:20:46.628 [main] DEBUG - Parsing relationship: /xl/_rels/workbook.xml.rels
23:20:46.630 [main] DEBUG - Parsing relationship: /_rels/.rels
23:20:46.688 [main] DEBUG - Save content types part
23:20:46.692 [main] DEBUG - Save package relationships
23:20:46.695 [main] DEBUG - Save part 'docProps/app.xml'
23:20:46.696 [main] DEBUG - Save part 'docProps/core.xml'
23:20:46.701 [main] DEBUG - Save part 'xl/sharedStrings.xml'
23:20:46.702 [main] DEBUG - Save part 'xl/styles.xml'
23:20:46.703 [main] DEBUG - Save part 'xl/workbook.xml'
23:20:46.707 [main] DEBUG - Save part 'xl/worksheets/sheet1.xml'
23:20:46.708 [main] DEBUG - Save part 'xl/worksheets/sheet2.xml'
23:20:46.713 [main] INFO  - Writing header into Excel completed.. 
23:20:51.708 [main] DEBUG - Parsing relationship: /xl/_rels/workbook.xml.rels
23:20:51.711 [main] DEBUG - Parsing relationship: /_rels/.rels
23:20:51.777 [main] DEBUG - Save content types part
23:20:51.783 [main] DEBUG - Save package relationships
23:20:51.787 [main] DEBUG - Save part 'docProps/app.xml'
23:20:51.789 [main] DEBUG - Save part 'docProps/core.xml'
23:20:51.797 [main] DEBUG - Save part 'xl/sharedStrings.xml'
23:20:51.798 [main] DEBUG - Save part 'xl/styles.xml'
23:20:51.799 [main] DEBUG - Save part 'xl/workbook.xml'
23:20:51.805 [main] DEBUG - Save part 'xl/worksheets/sheet1.xml'
23:20:51.807 [main] DEBUG - Save part 'xl/worksheets/sheet2.xml'
23:20:51.848 [main] DEBUG - Parsing relationship: /xl/_rels/workbook.xml.rels
23:20:51.850 [main] DEBUG - Parsing relationship: /_rels/.rels
23:20:51.909 [main] DEBUG - Save content types part
23:20:51.912 [main] DEBUG - Save package relationships
23:20:51.919 [main] DEBUG - Save part 'docProps/app.xml'
23:20:51.919 [main] DEBUG - Save part 'docProps/core.xml'
23:20:51.923 [main] DEBUG - Save part 'xl/sharedStrings.xml'
23:20:51.924 [main] DEBUG - Save part 'xl/styles.xml'
23:20:51.925 [main] DEBUG - Save part 'xl/workbook.xml'
23:20:51.949 [main] DEBUG - Save part 'xl/worksheets/sheet1.xml'
23:20:51.950 [main] DEBUG - Save part 'xl/worksheets/sheet2.xml'
23:20:51.985 [main] DEBUG - Parsing relationship: /xl/_rels/workbook.xml.rels
23:20:51.990 [main] DEBUG - Parsing relationship: /_rels/.rels
23:20:52.072 [main] DEBUG - Save content types part
23:20:52.078 [main] DEBUG - Save package relationships
23:20:52.087 [main] DEBUG - Save part 'docProps/app.xml'
23:20:52.090 [main] DEBUG - Save part 'docProps/core.xml'
23:20:52.096 [main] DEBUG - Save part 'xl/sharedStrings.xml'
23:20:52.097 [main] DEBUG - Save part 'xl/styles.xml'
23:20:52.098 [main] DEBUG - Save part 'xl/workbook.xml'
23:20:52.105 [main] DEBUG - Save part 'xl/worksheets/sheet1.xml'
23:20:52.106 [main] DEBUG - Save part 'xl/worksheets/sheet2.xml'
23:20:52.140 [main] DEBUG - Parsing relationship: /xl/_rels/workbook.xml.rels
23:20:52.145 [main] DEBUG - Parsing relationship: /_rels/.rels
23:20:52.411 [main] DEBUG - Save content types part
23:20:52.452 [main] DEBUG - Save package relationships
23:20:52.460 [main] DEBUG - Save part 'docProps/app.xml'
23:20:52.462 [main] DEBUG - Save part 'docProps/core.xml'
23:20:52.467 [main] DEBUG - Save part 'xl/sharedStrings.xml'
23:20:52.468 [main] DEBUG - Save part 'xl/styles.xml'
23:20:52.469 [main] DEBUG - Save part 'xl/workbook.xml'
23:20:52.478 [main] DEBUG - Save part 'xl/worksheets/sheet1.xml'
23:20:52.479 [main] DEBUG - Save part 'xl/worksheets/sheet2.xml'
23:21:05.285 [main] INFO  - first News Clicked.. 
23:21:07.284 [main] INFO  - Second news clicked.. 
23:21:07.297 [main] DEBUG - Parsing relationship: /xl/_rels/workbook.xml.rels
23:21:07.298 [main] DEBUG - Parsing relationship: /_rels/.rels
23:21:07.398 [main] DEBUG - Save content types part
23:21:07.407 [main] DEBUG - Save package relationships
23:21:07.412 [main] DEBUG - Save part 'docProps/app.xml'
23:21:07.412 [main] DEBUG - Save part 'docProps/core.xml'
23:21:07.419 [main] DEBUG - Save part 'xl/sharedStrings.xml'
23:21:07.420 [main] DEBUG - Save part 'xl/styles.xml'
23:21:07.421 [main] DEBUG - Save part 'xl/workbook.xml'
23:21:07.432 [main] DEBUG - Save part 'xl/worksheets/sheet1.xml'
23:21:07.434 [main] DEBUG - Save part 'xl/worksheets/sheet2.xml'
23:21:07.463 [main] DEBUG - Parsing relationship: /xl/_rels/workbook.xml.rels
23:21:07.465 [main] DEBUG - Parsing relationship: /_rels/.rels
23:21:07.551 [main] DEBUG - Save content types part
23:21:07.555 [main] DEBUG - Save package relationships
23:21:07.558 [main] DEBUG - Save part 'docProps/app.xml'
23:21:07.559 [main] DEBUG - Save part 'docProps/core.xml'
23:21:07.567 [main] DEBUG - Save part 'xl/sharedStrings.xml'
23:21:07.572 [main] DEBUG - Save part 'xl/styles.xml'
23:21:07.573 [main] DEBUG - Save part 'xl/workbook.xml'
23:21:07.579 [main] DEBUG - Save part 'xl/worksheets/sheet1.xml'
23:21:07.581 [main] DEBUG - Save part 'xl/worksheets/sheet2.xml'
23:21:22.874 [main] INFO  - Third news clicked.. 
23:21:29.472 [main] DEBUG - Parsing relationship: /xl/_rels/workbook.xml.rels
23:21:29.478 [main] DEBUG - Parsing relationship: /_rels/.rels
23:21:29.753 [main] DEBUG - Save content types part
23:21:29.767 [main] DEBUG - Save package relationships
23:21:29.779 [main] DEBUG - Save part 'docProps/app.xml'
23:21:29.782 [main] DEBUG - Save part 'docProps/core.xml'
23:21:29.790 [main] DEBUG - Save part 'xl/sharedStrings.xml'
23:21:29.792 [main] DEBUG - Save part 'xl/styles.xml'
23:21:29.795 [main] DEBUG - Save part 'xl/workbook.xml'
23:21:29.831 [main] DEBUG - Save part 'xl/worksheets/sheet1.xml'
23:21:29.833 [main] DEBUG - Save part 'xl/worksheets/sheet2.xml'
23:21:29.861 [main] DEBUG - Parsing relationship: /xl/_rels/workbook.xml.rels
23:21:29.865 [main] DEBUG - Parsing relationship: /_rels/.rels
23:21:30.106 [main] DEBUG - Save content types part
23:21:30.111 [main] DEBUG - Save package relationships
23:21:30.115 [main] DEBUG - Save part 'docProps/app.xml'
23:21:30.116 [main] DEBUG - Save part 'docProps/core.xml'
23:21:30.125 [main] DEBUG - Save part 'xl/sharedStrings.xml'
23:21:30.127 [main] DEBUG - Save part 'xl/styles.xml'
23:21:30.127 [main] DEBUG - Save part 'xl/workbook.xml'
23:21:30.130 [main] DEBUG - Save part 'xl/worksheets/sheet1.xml'
23:21:30.164 [main] DEBUG - Save part 'xl/worksheets/sheet2.xml'
23:21:35.635 [main] INFO  - Fourth news clicked.. 
23:21:42.258 [main] DEBUG - Parsing relationship: /xl/_rels/workbook.xml.rels
23:21:42.259 [main] DEBUG - Parsing relationship: /_rels/.rels
23:21:42.340 [main] DEBUG - Save content types part
23:21:42.344 [main] DEBUG - Save package relationships
23:21:42.347 [main] DEBUG - Save part 'docProps/app.xml'
23:21:42.348 [main] DEBUG - Save part 'docProps/core.xml'
23:21:42.359 [main] DEBUG - Save part 'xl/sharedStrings.xml'
23:21:42.361 [main] DEBUG - Save part 'xl/styles.xml'
23:21:42.362 [main] DEBUG - Save part 'xl/workbook.xml'
23:21:42.369 [main] DEBUG - Save part 'xl/worksheets/sheet1.xml'
23:21:42.370 [main] DEBUG - Save part 'xl/worksheets/sheet2.xml'
23:21:42.411 [main] DEBUG - Parsing relationship: /xl/_rels/workbook.xml.rels
23:21:42.416 [main] DEBUG - Parsing relationship: /_rels/.rels
23:21:42.504 [main] DEBUG - Save content types part
23:21:42.510 [main] DEBUG - Save package relationships
23:21:42.514 [main] DEBUG - Save part 'docProps/app.xml'
23:21:42.514 [main] DEBUG - Save part 'docProps/core.xml'
23:21:42.521 [main] DEBUG - Save part 'xl/sharedStrings.xml'
23:21:42.524 [main] DEBUG - Save part 'xl/styles.xml'
23:21:42.525 [main] DEBUG - Save part 'xl/workbook.xml'
23:21:42.531 [main] DEBUG - Save part 'xl/worksheets/sheet1.xml'
23:21:42.532 [main] DEBUG - Save part 'xl/worksheets/sheet2.xml'
23:21:54.032 [main] INFO  - Fifth news clicked.. 
23:22:11.705 [main] DEBUG - Parsing relationship: /xl/_rels/workbook.xml.rels
23:22:11.707 [main] DEBUG - Parsing relationship: /_rels/.rels
23:22:11.768 [main] DEBUG - Save content types part
23:22:11.772 [main] DEBUG - Save package relationships
23:22:11.777 [main] DEBUG - Save part 'docProps/app.xml'
23:22:11.778 [main] DEBUG - Save part 'docProps/core.xml'
23:22:11.782 [main] DEBUG - Save part 'xl/sharedStrings.xml'
23:22:11.784 [main] DEBUG - Save part 'xl/styles.xml'
23:22:11.785 [main] DEBUG - Save part 'xl/workbook.xml'
23:22:11.789 [main] DEBUG - Save part 'xl/worksheets/sheet1.xml'
23:22:11.794 [main] DEBUG - Save part 'xl/worksheets/sheet2.xml'
23:22:11.808 [main] DEBUG - Parsing relationship: /xl/_rels/workbook.xml.rels
23:22:11.810 [main] DEBUG - Parsing relationship: /_rels/.rels
23:22:11.878 [main] DEBUG - Save content types part
23:22:11.891 [main] DEBUG - Save package relationships
23:22:11.903 [main] DEBUG - Save part 'docProps/app.xml'
23:22:11.904 [main] DEBUG - Save part 'docProps/core.xml'
23:22:11.910 [main] DEBUG - Save part 'xl/sharedStrings.xml'
23:22:11.913 [main] DEBUG - Save part 'xl/styles.xml'
23:22:11.914 [main] DEBUG - Save part 'xl/workbook.xml'
23:22:11.920 [main] DEBUG - Save part 'xl/worksheets/sheet1.xml'
23:22:11.921 [main] DEBUG - Save part 'xl/worksheets/sheet2.xml'
23:22:22.641 [main] DEBUG - Parsing relationship: /xl/_rels/workbook.xml.rels
23:22:22.643 [main] DEBUG - Parsing relationship: /_rels/.rels
23:22:22.691 [main] DEBUG - Save content types part
23:22:22.696 [main] DEBUG - Save package relationships
23:22:22.700 [main] DEBUG - Save part 'docProps/app.xml'
23:22:22.701 [main] DEBUG - Save part 'docProps/core.xml'
23:22:22.708 [main] DEBUG - Save part 'xl/sharedStrings.xml'
23:22:22.710 [main] DEBUG - Save part 'xl/styles.xml'
23:22:22.712 [main] DEBUG - Save part 'xl/workbook.xml'
23:22:22.718 [main] DEBUG - Save part 'xl/worksheets/sheet1.xml'
23:22:22.719 [main] DEBUG - Save part 'xl/worksheets/sheet2.xml'
23:22:22.737 [main] DEBUG - Parsing relationship: /xl/_rels/workbook.xml.rels
23:22:22.739 [main] DEBUG - Parsing relationship: /_rels/.rels
23:22:22.800 [main] DEBUG - Save content types part
23:22:22.805 [main] DEBUG - Save package relationships
23:22:22.809 [main] DEBUG - Save part 'docProps/app.xml'
23:22:22.810 [main] DEBUG - Save part 'docProps/core.xml'
23:22:22.815 [main] DEBUG - Save part 'xl/sharedStrings.xml'
23:22:22.818 [main] DEBUG - Save part 'xl/styles.xml'
23:22:22.819 [main] DEBUG - Save part 'xl/workbook.xml'
23:22:22.823 [main] DEBUG - Save part 'xl/worksheets/sheet1.xml'
23:22:22.824 [main] DEBUG - Save part 'xl/worksheets/sheet2.xml'
23:22:22.840 [main] DEBUG - Parsing relationship: /xl/_rels/workbook.xml.rels
23:22:22.842 [main] DEBUG - Parsing relationship: /_rels/.rels
23:22:22.896 [main] DEBUG - Save content types part
23:22:22.901 [main] DEBUG - Save package relationships
23:22:22.906 [main] DEBUG - Save part 'docProps/app.xml'
23:22:22.907 [main] DEBUG - Save part 'docProps/core.xml'
23:22:22.912 [main] DEBUG - Save part 'xl/sharedStrings.xml'
23:22:22.913 [main] DEBUG - Save part 'xl/styles.xml'
23:22:22.914 [main] DEBUG - Save part 'xl/workbook.xml'
23:22:22.918 [main] DEBUG - Save part 'xl/worksheets/sheet1.xml'
23:22:22.920 [main] DEBUG - Save part 'xl/worksheets/sheet2.xml'
23:22:22.935 [main] DEBUG - Parsing relationship: /xl/_rels/workbook.xml.rels
23:22:22.937 [main] DEBUG - Parsing relationship: /_rels/.rels
23:22:22.990 [main] DEBUG - Save content types part
23:22:22.994 [main] DEBUG - Save package relationships
23:22:22.997 [main] DEBUG - Save part 'docProps/app.xml'
23:22:22.998 [main] DEBUG - Save part 'docProps/core.xml'
23:22:23.003 [main] DEBUG - Save part 'xl/sharedStrings.xml'
23:22:23.004 [main] DEBUG - Save part 'xl/styles.xml'
23:22:23.005 [main] DEBUG - Save part 'xl/workbook.xml'
23:22:23.009 [main] DEBUG - Save part 'xl/worksheets/sheet1.xml'
23:22:23.010 [main] DEBUG - Save part 'xl/worksheets/sheet2.xml'
23:22:23.026 [main] DEBUG - Parsing relationship: /xl/_rels/workbook.xml.rels
23:22:23.028 [main] DEBUG - Parsing relationship: /_rels/.rels
23:22:23.073 [main] DEBUG - Save content types part
23:22:23.077 [main] DEBUG - Save package relationships
23:22:23.080 [main] DEBUG - Save part 'docProps/app.xml'
23:22:23.081 [main] DEBUG - Save part 'docProps/core.xml'
23:22:23.084 [main] DEBUG - Save part 'xl/sharedStrings.xml'
23:22:23.086 [main] DEBUG - Save part 'xl/styles.xml'
23:22:23.087 [main] DEBUG - Save part 'xl/workbook.xml'
23:22:23.090 [main] DEBUG - Save part 'xl/worksheets/sheet1.xml'
23:22:23.091 [main] DEBUG - Save part 'xl/worksheets/sheet2.xml'
23:22:23.102 [main] DEBUG - Parsing relationship: /xl/_rels/workbook.xml.rels
23:22:23.104 [main] DEBUG - Parsing relationship: /_rels/.rels
23:22:23.148 [main] DEBUG - Save content types part
23:22:23.152 [main] DEBUG - Save package relationships
23:22:23.156 [main] DEBUG - Save part 'docProps/app.xml'
23:22:23.157 [main] DEBUG - Save part 'docProps/core.xml'
23:22:23.161 [main] DEBUG - Save part 'xl/sharedStrings.xml'
23:22:23.163 [main] DEBUG - Save part 'xl/styles.xml'
23:22:23.163 [main] DEBUG - Save part 'xl/workbook.xml'
23:22:23.167 [main] DEBUG - Save part 'xl/worksheets/sheet1.xml'
23:22:23.168 [main] DEBUG - Save part 'xl/worksheets/sheet2.xml'
23:22:56.754 [main] INFO  - Webpage loaded for Apps and Tools validation.. 
23:22:57.992 [main] INFO  - Writing apps and tools into Excel.. 
23:22:58.007 [main] DEBUG - Parsing relationship: /xl/_rels/workbook.xml.rels
23:22:58.009 [main] DEBUG - Parsing relationship: /_rels/.rels
23:22:58.084 [main] DEBUG - Save content types part
23:22:58.088 [main] DEBUG - Save package relationships
23:22:58.091 [main] DEBUG - Save part 'docProps/app.xml'
23:22:58.092 [main] DEBUG - Save part 'docProps/core.xml'
23:22:58.126 [main] DEBUG - Save part 'xl/sharedStrings.xml'
23:22:58.129 [main] DEBUG - Save part 'xl/styles.xml'
23:22:58.130 [main] DEBUG - Save part 'xl/workbook.xml'
23:22:58.135 [main] DEBUG - Save part 'xl/worksheets/sheet1.xml'
